{"contracts/EnergyNft.sol":{"l":{"67":3,"68":3,"73":10,"74":9,"78":9,"87":17,"88":17,"94":17,"95":17,"96":17,"97":17,"105":9,"106":8,"107":7,"108":7,"109":7,"111":7,"125":7,"127":7,"136":7,"140":6,"141":6,"145":5,"146":4,"147":4,"152":3,"154":1,"156":3,"162":3,"163":3,"164":3,"165":3,"169":0,"170":0,"171":0,"172":0,"174":0,"176":0,"183":0,"184":0,"188":0,"189":0,"190":0,"191":0,"196":0,"198":0,"199":0,"209":1,"210":1,"214":3,"218":1,"240":2,"241":2,"259":0,"260":0},"path":"/home/harsimranjit/blockchain_project/energy-trading/contracts/EnergyNft.sol","s":{"1":10,"2":9,"3":17,"4":17,"5":17,"6":17,"7":9,"8":8,"9":7,"10":7,"11":7,"12":7,"13":7,"14":6,"15":6,"16":5,"17":4,"18":4,"19":3,"20":1,"21":3,"22":3,"23":3,"24":0,"25":0,"26":0,"27":0,"28":0,"29":0,"30":0,"31":0,"32":0,"33":0,"34":0,"35":0,"36":0,"37":1,"38":1,"39":3,"40":1,"41":2,"42":2,"43":0,"44":0},"b":{"1":[9,1],"2":[9,0],"3":[17,0],"4":[9,1],"5":[8,1],"6":[7,1],"7":[5,1],"8":[4,1],"9":[4,0],"10":[3,1],"11":[1,2],"12":[0,0],"13":[0,0],"14":[0,0],"15":[0,0],"16":[0,0],"17":[0,0],"18":[1,0]},"f":{"1":3,"2":10,"3":17,"4":9,"5":6,"6":0,"7":0,"8":1,"9":3,"10":1,"11":2,"12":0},"fnMap":{"1":{"name":"constructor","line":66,"loc":{"start":{"line":66,"column":4},"end":{"line":69,"column":4}}},"2":{"name":"onlyTokenOwner","line":72,"loc":{"start":{"line":72,"column":4},"end":{"line":79,"column":4}}},"3":{"name":"mintEnergyAsset","line":86,"loc":{"start":{"line":81,"column":4},"end":{"line":98,"column":4}}},"4":{"name":"startAuction","line":104,"loc":{"start":{"line":100,"column":4},"end":{"line":137,"column":4}}},"5":{"name":"placeBid","line":139,"loc":{"start":{"line":139,"column":4},"end":{"line":166,"column":4}}},"6":{"name":"cancelAuction","line":168,"loc":{"start":{"line":168,"column":4},"end":{"line":185,"column":4}}},"7":{"name":"completeAuction","line":187,"loc":{"start":{"line":187,"column":4},"end":{"line":204,"column":4}}},"8":{"name":"getEnergyAsset","line":206,"loc":{"start":{"line":206,"column":4},"end":{"line":211,"column":4}}},"9":{"name":"getTokenCounter","line":213,"loc":{"start":{"line":213,"column":4},"end":{"line":215,"column":4}}},"10":{"name":"getAuctionCounter","line":217,"loc":{"start":{"line":217,"column":4},"end":{"line":219,"column":4}}},"11":{"name":"getAuctionDetails","line":221,"loc":{"start":{"line":221,"column":4},"end":{"line":254,"column":4}}},"12":{"name":"getHighestBid","line":256,"loc":{"start":{"line":256,"column":4},"end":{"line":261,"column":4}}}},"statementMap":{"1":{"start":{"line":73,"column":8},"end":{"line":73,"column":68}},"2":{"start":{"line":74,"column":8},"end":{"line":74,"column":2100}},"3":{"start":{"line":87,"column":8},"end":{"line":87,"column":40}},"4":{"start":{"line":88,"column":8},"end":{"line":88,"column":2470}},"5":{"start":{"line":95,"column":8},"end":{"line":95,"column":45}},"6":{"start":{"line":97,"column":8},"end":{"line":97,"column":60}},"7":{"start":{"line":105,"column":8},"end":{"line":105,"column":53}},"8":{"start":{"line":106,"column":8},"end":{"line":106,"column":48}},"9":{"start":{"line":108,"column":8},"end":{"line":108,"column":48}},"10":{"start":{"line":109,"column":8},"end":{"line":109,"column":57}},"11":{"start":{"line":111,"column":8},"end":{"line":111,"column":3293}},"12":{"start":{"line":127,"column":8},"end":{"line":127,"column":3885}},"13":{"start":{"line":136,"column":8},"end":{"line":136,"column":27}},"14":{"start":{"line":140,"column":8},"end":{"line":140,"column":55}},"15":{"start":{"line":141,"column":8},"end":{"line":141,"column":4245}},"16":{"start":{"line":145,"column":8},"end":{"line":145,"column":76}},"17":{"start":{"line":146,"column":8},"end":{"line":146,"column":66}},"18":{"start":{"line":147,"column":8},"end":{"line":147,"column":4514}},"19":{"start":{"line":152,"column":8},"end":{"line":152,"column":4644}},"20":{"start":{"line":154,"column":12},"end":{"line":154,"column":70}},"21":{"start":{"line":156,"column":8},"end":{"line":156,"column":4827}},"22":{"start":{"line":162,"column":8},"end":{"line":162,"column":40}},"23":{"start":{"line":165,"column":8},"end":{"line":165,"column":71}},"24":{"start":{"line":169,"column":8},"end":{"line":169,"column":55}},"25":{"start":{"line":170,"column":8},"end":{"line":170,"column":61}},"26":{"start":{"line":171,"column":8},"end":{"line":171,"column":74}},"27":{"start":{"line":172,"column":8},"end":{"line":172,"column":5489}},"28":{"start":{"line":174,"column":12},"end":{"line":174,"column":70}},"29":{"start":{"line":183,"column":8},"end":{"line":183,"column":68}},"30":{"start":{"line":184,"column":8},"end":{"line":184,"column":38}},"31":{"start":{"line":188,"column":8},"end":{"line":188,"column":57}},"32":{"start":{"line":189,"column":8},"end":{"line":189,"column":66}},"33":{"start":{"line":190,"column":8},"end":{"line":190,"column":74}},"34":{"start":{"line":191,"column":8},"end":{"line":191,"column":6295}},"35":{"start":{"line":198,"column":8},"end":{"line":198,"column":78}},"36":{"start":{"line":199,"column":8},"end":{"line":199,"column":6558}},"37":{"start":{"line":209,"column":8},"end":{"line":209,"column":77}},"38":{"start":{"line":210,"column":8},"end":{"line":210,"column":36}},"39":{"start":{"line":214,"column":8},"end":{"line":214,"column":29}},"40":{"start":{"line":218,"column":8},"end":{"line":218,"column":27}},"41":{"start":{"line":240,"column":8},"end":{"line":240,"column":57}},"42":{"start":{"line":241,"column":8},"end":{"line":241,"column":7661}},"43":{"start":{"line":259,"column":8},"end":{"line":259,"column":55}},"44":{"start":{"line":260,"column":8},"end":{"line":260,"column":58}}},"branchMap":{"1":{"line":73,"type":"if","locations":[{"start":{"line":73,"column":8},"end":{"line":73,"column":8}},{"start":{"line":73,"column":8},"end":{"line":73,"column":8}}]},"2":{"line":74,"type":"if","locations":[{"start":{"line":74,"column":8},"end":{"line":74,"column":8}},{"start":{"line":74,"column":8},"end":{"line":74,"column":8}}]},"3":{"line":86,"type":"if","locations":[{"start":{"line":86,"column":13},"end":{"line":86,"column":13}},{"start":{"line":86,"column":13},"end":{"line":86,"column":13}}]},"4":{"line":104,"type":"if","locations":[{"start":{"line":104,"column":13},"end":{"line":104,"column":13}},{"start":{"line":104,"column":13},"end":{"line":104,"column":13}}]},"5":{"line":105,"type":"if","locations":[{"start":{"line":105,"column":8},"end":{"line":105,"column":8}},{"start":{"line":105,"column":8},"end":{"line":105,"column":8}}]},"6":{"line":106,"type":"if","locations":[{"start":{"line":106,"column":8},"end":{"line":106,"column":8}},{"start":{"line":106,"column":8},"end":{"line":106,"column":8}}]},"7":{"line":141,"type":"if","locations":[{"start":{"line":141,"column":8},"end":{"line":141,"column":8}},{"start":{"line":141,"column":8},"end":{"line":141,"column":8}}]},"8":{"line":145,"type":"if","locations":[{"start":{"line":145,"column":8},"end":{"line":145,"column":8}},{"start":{"line":145,"column":8},"end":{"line":145,"column":8}}]},"9":{"line":146,"type":"if","locations":[{"start":{"line":146,"column":8},"end":{"line":146,"column":8}},{"start":{"line":146,"column":8},"end":{"line":146,"column":8}}]},"10":{"line":147,"type":"if","locations":[{"start":{"line":147,"column":8},"end":{"line":147,"column":8}},{"start":{"line":147,"column":8},"end":{"line":147,"column":8}}]},"11":{"line":152,"type":"if","locations":[{"start":{"line":152,"column":8},"end":{"line":152,"column":8}},{"start":{"line":152,"column":8},"end":{"line":152,"column":8}}]},"12":{"line":170,"type":"if","locations":[{"start":{"line":170,"column":8},"end":{"line":170,"column":8}},{"start":{"line":170,"column":8},"end":{"line":170,"column":8}}]},"13":{"line":171,"type":"if","locations":[{"start":{"line":171,"column":8},"end":{"line":171,"column":8}},{"start":{"line":171,"column":8},"end":{"line":171,"column":8}}]},"14":{"line":172,"type":"if","locations":[{"start":{"line":172,"column":8},"end":{"line":172,"column":8}},{"start":{"line":172,"column":8},"end":{"line":172,"column":8}}]},"15":{"line":189,"type":"if","locations":[{"start":{"line":189,"column":8},"end":{"line":189,"column":8}},{"start":{"line":189,"column":8},"end":{"line":189,"column":8}}]},"16":{"line":190,"type":"if","locations":[{"start":{"line":190,"column":8},"end":{"line":190,"column":8}},{"start":{"line":190,"column":8},"end":{"line":190,"column":8}}]},"17":{"line":191,"type":"if","locations":[{"start":{"line":191,"column":8},"end":{"line":191,"column":8}},{"start":{"line":191,"column":8},"end":{"line":191,"column":8}}]},"18":{"line":209,"type":"if","locations":[{"start":{"line":209,"column":8},"end":{"line":209,"column":8}},{"start":{"line":209,"column":8},"end":{"line":209,"column":8}}]}}}}